[ujiberkala-dstj.dephub.go.id/qr/v1/rfid/AFALCKRJDM15082024182132.html]
[backblue.gif]
[fade.gif]
[index.html]
[ujiberkala-dstj.dephub.go.id/images/logo_kemenhub.png]
[ujiberkala-dstj.dephub.go.id/css/material-vendors.min.css]
[ujiberkala-dstj.dephub.go.id/css/blue.css]
[ujiberkala-dstj.dephub.go.id/js/material-vendors.min.js]
[ujiberkala-dstj.dephub.go.id/js/app-menu.js]
[ujiberkala-dstj.dephub.go.id/js/app.js]
[ujiberkala-dstj.dephub.go.id/js/material-app.js]
[ujiberkala-dstj.dephub.go.id/js/datatables.min.js]
[ujiberkala-dstj.dephub.go.id/qr/v1/rfid/AFALCKRJDM15082024182132.html]
[ujiberkala-dstj.dephub.go.id/css/material-vendors.min.css]
[ujiberkala-dstj.dephub.go.id/cdn-cgi/challenge-platform/h/g/scripts/jsd/ec4b873d446c/maind41d.js]
[ujiberkala-dstj.dephub.go.id/css/blue.css]
[ujiberkala-dstj.dephub.go.id/images/bg-204ca.html]
[ujiberkala-dstj.dephub.go.id/images/top04ca.html]
[ujiberkala-dstj.dephub.go.id/images/img04ca.html]
[ujiberkala-dstj.dephub.go.id/images/details_open369b.html]
[ujiberkala-dstj.dephub.go.id/images/details_closea4f6.html]
[ujiberkala-dstj.dephub.go.id/images/breadcrumb0b91.html]
[ujiberkala-dstj.dephub.go.id/images/dark-menuf411.html]
